2025-08-20 01:34:08 [HikariPool-1 housekeeper] WARN  com.zaxxer.hikari.pool.HikariPool - HikariPool-1 - Thread starvation or clock leap detected (housekeeper delta=3h30s6ms369µs200ns).
2025-08-20 07:34:39 [HikariPool-1 housekeeper] WARN  com.zaxxer.hikari.pool.HikariPool - HikariPool-1 - Thread starvation or clock leap detected (housekeeper delta=6h42s163ms28µs600ns).
2025-08-20 07:39:20 [File Watcher] INFO  o.s.b.d.a.LocalDevToolsAutoConfiguration$RestartingClassPathChangeChangedEventListener - Restarting due to 1 class path change (1 addition, 0 deletions, 0 modifications)
2025-08-20 07:39:20 [Thread-1] INFO  o.s.o.j.LocalContainerEntityManagerFactoryBean - Closing JPA EntityManagerFactory for persistence unit 'default'
2025-08-20 07:39:20 [Thread-1] INFO  com.zaxxer.hikari.HikariDataSource - HikariPool-1 - Shutdown initiated...
2025-08-20 07:39:20 [Thread-1] INFO  com.zaxxer.hikari.HikariDataSource - HikariPool-1 - Shutdown completed.
2025-08-20 07:39:22 [restartedMain] INFO  com.gescom.GescomApplication - Starting GescomApplication using Java 17.0.6 with PID 400348 (C:\MES APP\GESCOM\target\classes started by Dell in C:\MES APP\GESCOM)
2025-08-20 07:39:22 [restartedMain] INFO  com.gescom.GescomApplication - No active profile set, falling back to 1 default profile: "default"
2025-08-20 07:39:23 [restartedMain] INFO  o.s.d.r.c.RepositoryConfigurationDelegate - Bootstrapping Spring Data JPA repositories in DEFAULT mode.
2025-08-20 07:39:23 [restartedMain] INFO  o.s.d.r.c.RepositoryConfigurationDelegate - Finished Spring Data repository scanning in 86 ms. Found 9 JPA repository interfaces.
2025-08-20 07:39:24 [restartedMain] INFO  o.s.b.w.e.tomcat.TomcatWebServer - Tomcat initialized with port 8085 (http)
2025-08-20 07:39:24 [restartedMain] INFO  o.a.catalina.core.StandardService - Starting service [Tomcat]
2025-08-20 07:39:24 [restartedMain] INFO  o.a.catalina.core.StandardEngine - Starting Servlet engine: [Apache Tomcat/10.1.16]
2025-08-20 07:39:24 [restartedMain] INFO  o.a.c.c.C.[Tomcat].[localhost].[/] - Initializing Spring embedded WebApplicationContext
2025-08-20 07:39:24 [restartedMain] INFO  o.s.b.w.s.c.ServletWebServerApplicationContext - Root WebApplicationContext: initialization completed in 2262 ms
2025-08-20 07:39:24 [restartedMain] INFO  com.zaxxer.hikari.HikariDataSource - HikariPool-2 - Starting...
2025-08-20 07:39:24 [restartedMain] INFO  com.zaxxer.hikari.pool.HikariPool - HikariPool-2 - Added connection org.postgresql.jdbc.PgConnection@749cb789
2025-08-20 07:39:24 [restartedMain] INFO  com.zaxxer.hikari.HikariDataSource - HikariPool-2 - Start completed.
2025-08-20 07:39:24 [restartedMain] INFO  o.s.b.a.h.H2ConsoleAutoConfiguration - H2 console available at '/h2-console'. Database available at 'jdbc:postgresql://localhost:5432/GESCOMDB'
2025-08-20 07:39:24 [restartedMain] INFO  o.h.jpa.internal.util.LogHelper - HHH000204: Processing PersistenceUnitInfo [name: default]
2025-08-20 07:39:24 [restartedMain] INFO  o.h.c.i.RegionFactoryInitiator - HHH000026: Second-level cache disabled
2025-08-20 07:39:24 [restartedMain] INFO  o.s.o.j.p.SpringPersistenceUnitInfo - No LoadTimeWeaver setup: ignoring JPA class transformer
2025-08-20 07:39:25 [restartedMain] WARN  org.hibernate.orm.deprecation - HHH90000025: PostgreSQLDialect does not need to be specified explicitly using 'hibernate.dialect' (remove the property setting and it will be selected by default)
2025-08-20 07:39:25 [restartedMain] INFO  o.h.e.t.j.p.i.JtaPlatformInitiator - HHH000489: No JTA platform available (set 'hibernate.transaction.jta.platform' to enable JTA platform integration)
2025-08-20 07:39:26 [restartedMain] INFO  o.s.o.j.LocalContainerEntityManagerFactoryBean - Initialized JPA EntityManagerFactory for persistence unit 'default'
2025-08-20 07:39:27 [restartedMain] WARN  o.s.b.a.o.j.JpaBaseConfiguration$JpaWebConfiguration - spring.jpa.open-in-view is enabled by default. Therefore, database queries may be performed during view rendering. Explicitly configure spring.jpa.open-in-view to disable this warning
2025-08-20 07:39:28 [restartedMain] DEBUG o.s.w.s.m.m.a.RequestMappingHandlerMapping - 77 mappings in 'requestMappingHandlerMapping'
2025-08-20 07:39:28 [restartedMain] DEBUG o.s.w.s.h.SimpleUrlHandlerMapping - Patterns [/webjars/**, /**, /uploads/images/**] in 'resourceHandlerMapping'
2025-08-20 07:39:28 [restartedMain] INFO  o.s.s.web.DefaultSecurityFilterChain - Will secure any request with [org.springframework.security.web.session.DisableEncodeUrlFilter@4b6a26fa, org.springframework.security.web.context.request.async.WebAsyncManagerIntegrationFilter@1218d17f, org.springframework.security.web.context.SecurityContextHolderFilter@264677fd, org.springframework.security.web.header.HeaderWriterFilter@138d77eb, org.springframework.web.filter.CorsFilter@1fea3bc9, org.springframework.security.web.csrf.CsrfFilter@5d98ae0d, org.springframework.security.web.authentication.logout.LogoutFilter@6f64ebf0, org.springframework.security.web.authentication.UsernamePasswordAuthenticationFilter@453356c1, org.springframework.security.web.session.ConcurrentSessionFilter@45a190ad, org.springframework.security.web.savedrequest.RequestCacheAwareFilter@5e0c7ef1, org.springframework.security.web.servletapi.SecurityContextHolderAwareRequestFilter@ea34fb9, org.springframework.security.web.authentication.AnonymousAuthenticationFilter@4030e3ab, org.springframework.security.web.session.SessionManagementFilter@5dd1b5dc, org.springframework.security.web.access.ExceptionTranslationFilter@2798839f, org.springframework.security.web.access.intercept.AuthorizationFilter@dc007e2]
2025-08-20 07:39:28 [restartedMain] DEBUG o.s.w.s.m.m.a.RequestMappingHandlerAdapter - ControllerAdvice beans: 0 @ModelAttribute, 0 @InitBinder, 1 RequestBodyAdvice, 1 ResponseBodyAdvice
2025-08-20 07:39:28 [restartedMain] DEBUG o.s.w.s.m.m.a.ExceptionHandlerExceptionResolver - ControllerAdvice beans: 0 @ExceptionHandler, 1 ResponseBodyAdvice
2025-08-20 07:39:29 [restartedMain] INFO  o.s.b.w.e.tomcat.TomcatWebServer - Tomcat started on port 8085 (http) with context path ''
2025-08-20 07:39:29 [restartedMain] INFO  com.gescom.GescomApplication - Started GescomApplication in 7.636 seconds (process running for 38315.874)
2025-08-20 07:39:29 [restartedMain] INFO  com.gescom.config.DatabaseConfig - ? Initialisation de la base de données PostgreSQL...
2025-08-20 07:39:29 [restartedMain] DEBUG org.hibernate.SQL - 
    select
        count(*) 
    from
        users u1_0
2025-08-20 07:39:29 [restartedMain] INFO  com.gescom.config.DatabaseConfig - ? Base de données déjà initialisée, skip
2025-08-20 07:39:29 [restartedMain] INFO  o.s.b.d.a.ConditionEvaluationDeltaLoggingListener - Condition evaluation unchanged
